<?xml version="1.0" encoding="UTF-8"?>
<!-- Generated by org.testng.reporters.JUnitXMLReporter -->
<testsuite ignored="0" hostname="My-Adda.local" failures="2" tests="4" name="Default test" time="23.476" errors="0" timestamp="2024-02-27T16:38:26 IST">
  <testcase classname="io.cucumber.testng.AbstractTestNGCucumberTests" name="runScenario" time="11.838"/>
  <testcase classname="io.cucumber.testng.AbstractTestNGCucumberTests" name="runScenario" time="4.187"/>
  <testcase classname="io.cucumber.testng.AbstractTestNGCucumberTests" name="runScenario" time="3.195">
    <failure type="io.cucumber.java.PendingException" message="TODO: implement me">
      <![CDATA[io.cucumber.java.PendingException: TODO: implement me
at stepDefin.LoginSteps.i_click_on_the_forgot_password_link(LoginSteps.java:136)
at ✽.I click on the forgot password link(file:///Users/nafis/eclipse/DemoSites/featureFile/Login.feature:34)
]]>
    </failure>
  </testcase> <!-- runScenario -->
  <testcase classname="io.cucumber.testng.AbstractTestNGCucumberTests" name="runScenario" time="3.122">
    <failure type="io.cucumber.java.PendingException" message="TODO: implement me">
      <![CDATA[io.cucumber.java.PendingException: TODO: implement me
at stepDefin.LoginSteps.i_have_previously_logged_in_with_option_checked(LoginSteps.java:148)
at ✽.I have previously logged in with "Remember Me" option checked(file:///Users/nafis/eclipse/DemoSites/featureFile/Login.feature:39)
]]>
    </failure>
  </testcase> <!-- runScenario -->
</testsuite> <!-- Default test -->
