<?xml version="1.0" encoding="UTF-8"?>
<testng-results ignored="0" total="4" passed="2" failed="2" skipped="0">
  <reporter-output>
  </reporter-output>
  <suite started-at="2024-02-27T16:38:03 IST" name="Default suite" finished-at="2024-02-27T16:38:26 IST" duration-ms="23476">
    <groups>
      <group name="cucumber">
        <method signature="AbstractTestNGCucumberTests.runScenario(io.cucumber.testng.PickleWrapper,io.cucumber.testng.FeatureWrapper)[pri:0, instance:testRunner.TestRuuner@3e08ff24]" name="runScenario" class="io.cucumber.testng.AbstractTestNGCucumberTests"/>
      </group> <!-- cucumber -->
    </groups>
    <test started-at="2024-02-27T16:38:03 IST" name="Default test" finished-at="2024-02-27T16:38:26 IST" duration-ms="23476">
      <class name="testRunner.TestRuuner">
        <test-method is-config="true" signature="setUpClass(org.testng.ITestContext)[pri:0, instance:testRunner.TestRuuner@3e08ff24]" started-at="2024-02-27T16:38:03 IST" name="setUpClass" finished-at="2024-02-27T16:38:04 IST" duration-ms="686" status="PASS">
          <params>
            <param index="0">
              <value>
                <![CDATA[org.testng.TestRunner@3ea48c37]]>
              </value>
            </param>
          </params>
          <reporter-output>
          </reporter-output>
        </test-method> <!-- setUpClass -->
        <test-method signature="runScenario(io.cucumber.testng.PickleWrapper,io.cucumber.testng.FeatureWrapper)[pri:0, instance:testRunner.TestRuuner@3e08ff24]" started-at="2024-02-27T16:38:04 IST" name="runScenario" description="Runs Cucumber Scenarios" data-provider="scenarios" finished-at="2024-02-27T16:38:15 IST" duration-ms="11838" status="PASS">
          <params>
            <param index="0">
              <value>
                <![CDATA["Successful login with valid credentials"]]>
              </value>
            </param>
            <param index="1">
              <value>
                <![CDATA["Login Page Functionality"]]>
              </value>
            </param>
          </params>
          <reporter-output>
          </reporter-output>
        </test-method> <!-- runScenario -->
        <test-method signature="runScenario(io.cucumber.testng.PickleWrapper,io.cucumber.testng.FeatureWrapper)[pri:0, instance:testRunner.TestRuuner@3e08ff24]" started-at="2024-02-27T16:38:15 IST" name="runScenario" description="Runs Cucumber Scenarios" data-provider="scenarios" finished-at="2024-02-27T16:38:20 IST" duration-ms="4187" status="PASS">
          <params>
            <param index="0">
              <value>
                <![CDATA["Unsuccessful login with invalid password"]]>
              </value>
            </param>
            <param index="1">
              <value>
                <![CDATA["Login Page Functionality"]]>
              </value>
            </param>
          </params>
          <reporter-output>
          </reporter-output>
        </test-method> <!-- runScenario -->
        <test-method signature="runScenario(io.cucumber.testng.PickleWrapper,io.cucumber.testng.FeatureWrapper)[pri:0, instance:testRunner.TestRuuner@3e08ff24]" started-at="2024-02-27T16:38:20 IST" name="runScenario" description="Runs Cucumber Scenarios" data-provider="scenarios" finished-at="2024-02-27T16:38:23 IST" duration-ms="3195" status="FAIL">
          <params>
            <param index="0">
              <value>
                <![CDATA["Forgot password link functionality"]]>
              </value>
            </param>
            <param index="1">
              <value>
                <![CDATA["Login Page Functionality"]]>
              </value>
            </param>
          </params>
          <exception class="io.cucumber.java.PendingException">
            <message>
              <![CDATA[TODO: implement me]]>
            </message>
            <full-stacktrace>
              <![CDATA[io.cucumber.java.PendingException: TODO: implement me
at stepDefin.LoginSteps.i_click_on_the_forgot_password_link(LoginSteps.java:136)
at ✽.I click on the forgot password link(file:///Users/nafis/eclipse/DemoSites/featureFile/Login.feature:34)
]]>
            </full-stacktrace>
          </exception> <!-- io.cucumber.java.PendingException -->
          <reporter-output>
          </reporter-output>
        </test-method> <!-- runScenario -->
        <test-method signature="runScenario(io.cucumber.testng.PickleWrapper,io.cucumber.testng.FeatureWrapper)[pri:0, instance:testRunner.TestRuuner@3e08ff24]" started-at="2024-02-27T16:38:23 IST" name="runScenario" description="Runs Cucumber Scenarios" data-provider="scenarios" finished-at="2024-02-27T16:38:26 IST" duration-ms="3122" status="FAIL">
          <params>
            <param index="0">
              <value>
                <![CDATA["Remember me functionality"]]>
              </value>
            </param>
            <param index="1">
              <value>
                <![CDATA["Login Page Functionality"]]>
              </value>
            </param>
          </params>
          <exception class="io.cucumber.java.PendingException">
            <message>
              <![CDATA[TODO: implement me]]>
            </message>
            <full-stacktrace>
              <![CDATA[io.cucumber.java.PendingException: TODO: implement me
at stepDefin.LoginSteps.i_have_previously_logged_in_with_option_checked(LoginSteps.java:148)
at ✽.I have previously logged in with "Remember Me" option checked(file:///Users/nafis/eclipse/DemoSites/featureFile/Login.feature:39)
]]>
            </full-stacktrace>
          </exception> <!-- io.cucumber.java.PendingException -->
          <reporter-output>
          </reporter-output>
        </test-method> <!-- runScenario -->
        <test-method is-config="true" signature="tearDownClass()[pri:0, instance:testRunner.TestRuuner@3e08ff24]" started-at="2024-02-27T16:38:26 IST" name="tearDownClass" finished-at="2024-02-27T16:38:26 IST" duration-ms="405" status="PASS">
          <reporter-output>
          </reporter-output>
        </test-method> <!-- tearDownClass -->
      </class> <!-- testRunner.TestRuuner -->
    </test> <!-- Default test -->
  </suite> <!-- Default suite -->
</testng-results>
